nohup: ignoring input
> Task :common:compileJava UP-TO-DATE
> Task :common:processResources NO-SOURCE
> Task :common:classes UP-TO-DATE
> Task :common:jar UP-TO-DATE
> Task :rider-service:compileJava UP-TO-DATE
> Task :rider-service:processResources UP-TO-DATE
> Task :rider-service:classes UP-TO-DATE
> Task :rider-service:resolveMainClassName UP-TO-DATE

> Task :rider-service:bootRun

  .   ____          _            __ _ _
 /\\ / ___'_ __ _ _(_)_ __  __ _ \ \ \ \
( ( )\___ | '_ | '_| | '_ \/ _` | \ \ \ \
 \\/  ___)| |_)| | | | | || (_| |  ) ) ) )
  '  |____| .__|_| |_|_| |_\__, | / / / /
 =========|_|==============|___/=/_/_/_/

 :: Spring Boot ::               (v3.5.12)

2026-03-27T14:25:41.737+09:00  INFO 64182 --- [rider-service] [           main] c.e.r.RiderServiceApplication            : Starting RiderServiceApplication using Java 17.0.12 with PID 64182 (/home/austin/IdeaProjects/delivery/rider-service/build/classes/java/main started by austin in /home/austin/IdeaProjects/delivery/rider-service)
2026-03-27T14:25:41.740+09:00  INFO 64182 --- [rider-service] [           main] c.e.r.RiderServiceApplication            : No active profile set, falling back to 1 default profile: "default"
2026-03-27T14:25:42.248+09:00  INFO 64182 --- [rider-service] [           main] .s.d.r.c.RepositoryConfigurationDelegate : Bootstrapping Spring Data JPA repositories in DEFAULT mode.
2026-03-27T14:25:42.287+09:00  INFO 64182 --- [rider-service] [           main] .s.d.r.c.RepositoryConfigurationDelegate : Finished Spring Data repository scanning in 32 ms. Found 3 JPA repository interfaces.
2026-03-27T14:25:42.384+09:00  INFO 64182 --- [rider-service] [           main] o.s.cloud.context.scope.GenericScope     : BeanFactory id=f7f5d302-2c32-3aa7-ac16-09cbc253a088
2026-03-27T14:25:42.702+09:00  INFO 64182 --- [rider-service] [           main] o.s.b.w.embedded.tomcat.TomcatWebServer  : Tomcat initialized with port 8600 (http)
2026-03-27T14:25:42.722+09:00  INFO 64182 --- [rider-service] [           main] o.apache.catalina.core.StandardService   : Starting service [Tomcat]
2026-03-27T14:25:42.723+09:00  INFO 64182 --- [rider-service] [           main] o.apache.catalina.core.StandardEngine    : Starting Servlet engine: [Apache Tomcat/10.1.52]
2026-03-27T14:25:42.841+09:00  INFO 64182 --- [rider-service] [           main] o.a.c.c.C.[Tomcat].[localhost].[/]       : Initializing Spring embedded WebApplicationContext
2026-03-27T14:25:42.841+09:00  INFO 64182 --- [rider-service] [           main] w.s.c.ServletWebServerApplicationContext : Root WebApplicationContext: initialization completed in 1059 ms
2026-03-27T14:25:42.968+09:00  INFO 64182 --- [rider-service] [           main] o.hibernate.jpa.internal.util.LogHelper  : HHH000204: Processing PersistenceUnitInfo [name: default]
2026-03-27T14:25:43.002+09:00  INFO 64182 --- [rider-service] [           main] org.hibernate.Version                    : HHH000412: Hibernate ORM core version 6.6.44.Final
2026-03-27T14:25:43.023+09:00  INFO 64182 --- [rider-service] [           main] o.h.c.internal.RegionFactoryInitiator    : HHH000026: Second-level cache disabled
2026-03-27T14:25:43.191+09:00  INFO 64182 --- [rider-service] [           main] o.s.o.j.p.SpringPersistenceUnitInfo      : No LoadTimeWeaver setup: ignoring JPA class transformer
2026-03-27T14:25:43.221+09:00  INFO 64182 --- [rider-service] [           main] com.zaxxer.hikari.HikariDataSource       : HikariPool-1 - Starting...
2026-03-27T14:25:43.581+09:00  INFO 64182 --- [rider-service] [           main] com.zaxxer.hikari.pool.HikariPool        : HikariPool-1 - Added connection com.mysql.cj.jdbc.ConnectionImpl@431babe6
2026-03-27T14:25:43.585+09:00  INFO 64182 --- [rider-service] [           main] com.zaxxer.hikari.HikariDataSource       : HikariPool-1 - Start completed.
2026-03-27T14:25:43.680+09:00  INFO 64182 --- [rider-service] [           main] org.hibernate.orm.connections.pooling    : HHH10001005: Database info:
	Database JDBC URL [Connecting through datasource 'HikariDataSource (HikariPool-1)']
	Database driver: undefined/unknown
	Database version: 8.0.45
	Autocommit mode: undefined/unknown
	Isolation level: undefined/unknown
	Minimum pool size: undefined/unknown
	Maximum pool size: undefined/unknown
2026-03-27T14:25:44.238+09:00  INFO 64182 --- [rider-service] [           main] o.h.e.t.j.p.i.JtaPlatformInitiator       : HHH000489: No JTA platform available (set 'hibernate.transaction.jta.platform' to enable JTA platform integration)
2026-03-27T14:25:44.284+09:00  INFO 64182 --- [rider-service] [           main] j.LocalContainerEntityManagerFactoryBean : Initialized JPA EntityManagerFactory for persistence unit 'default'
2026-03-27T14:25:44.603+09:00  WARN 64182 --- [rider-service] [           main] JpaBaseConfiguration$JpaWebConfiguration : spring.jpa.open-in-view is enabled by default. Therefore, database queries may be performed during view rendering. Explicitly configure spring.jpa.open-in-view to disable this warning
2026-03-27T14:25:45.177+09:00  INFO 64182 --- [rider-service] [           main] o.s.b.w.embedded.tomcat.TomcatWebServer  : Tomcat started on port 8600 (http) with context path '/'
2026-03-27T14:25:45.287+09:00  INFO 64182 --- [rider-service] [           main] o.a.k.clients.consumer.ConsumerConfig    : ConsumerConfig values: 
	allow.auto.create.topics = true
	auto.commit.interval.ms = 5000
	auto.include.jmx.reporter = true
	auto.offset.reset = earliest
	bootstrap.servers = [localhost:9092]
	check.crcs = true
	client.dns.lookup = use_all_dns_ips
	client.id = consumer-rider-service-1
	client.rack = 
	connections.max.idle.ms = 540000
	default.api.timeout.ms = 60000
	enable.auto.commit = false
	enable.metrics.push = true
	exclude.internal.topics = true
	fetch.max.bytes = 52428800
	fetch.max.wait.ms = 500
	fetch.min.bytes = 1
	group.id = rider-service
	group.instance.id = null
	group.protocol = classic
	group.remote.assignor = null
	heartbeat.interval.ms = 3000
	interceptor.classes = []
	internal.leave.group.on.close = true
	internal.throw.on.fetch.stable.offset.unsupported = false
	isolation.level = read_uncommitted
	key.deserializer = class org.apache.kafka.common.serialization.StringDeserializer
	max.partition.fetch.bytes = 1048576
	max.poll.interval.ms = 300000
	max.poll.records = 500
	metadata.max.age.ms = 300000
	metadata.recovery.strategy = none
	metric.reporters = []
	metrics.num.samples = 2
	metrics.recording.level = INFO
	metrics.sample.window.ms = 30000
	partition.assignment.strategy = [class org.apache.kafka.clients.consumer.RangeAssignor, class org.apache.kafka.clients.consumer.CooperativeStickyAssignor]
	receive.buffer.bytes = 65536
	reconnect.backoff.max.ms = 1000
	reconnect.backoff.ms = 50
	request.timeout.ms = 30000
	retry.backoff.max.ms = 1000
	retry.backoff.ms = 100
	sasl.client.callback.handler.class = null
	sasl.jaas.config = null
	sasl.kerberos.kinit.cmd = /usr/bin/kinit
	sasl.kerberos.min.time.before.relogin = 60000
	sasl.kerberos.service.name = null
	sasl.kerberos.ticket.renew.jitter = 0.05
	sasl.kerberos.ticket.renew.window.factor = 0.8
	sasl.login.callback.handler.class = null
	sasl.login.class = null
	sasl.login.connect.timeout.ms = null
	sasl.login.read.timeout.ms = null
	sasl.login.refresh.buffer.seconds = 300
	sasl.login.refresh.min.period.seconds = 60
	sasl.login.refresh.window.factor = 0.8
	sasl.login.refresh.window.jitter = 0.05
	sasl.login.retry.backoff.max.ms = 10000
	sasl.login.retry.backoff.ms = 100
	sasl.mechanism = GSSAPI
	sasl.oauthbearer.clock.skew.seconds = 30
	sasl.oauthbearer.expected.audience = null
	sasl.oauthbearer.expected.issuer = null
	sasl.oauthbearer.header.urlencode = false
	sasl.oauthbearer.jwks.endpoint.refresh.ms = 3600000
	sasl.oauthbearer.jwks.endpoint.retry.backoff.max.ms = 10000
	sasl.oauthbearer.jwks.endpoint.retry.backoff.ms = 100
	sasl.oauthbearer.jwks.endpoint.url = null
	sasl.oauthbearer.scope.claim.name = scope
	sasl.oauthbearer.sub.claim.name = sub
	sasl.oauthbearer.token.endpoint.url = null
	security.protocol = PLAINTEXT
	security.providers = null
	send.buffer.bytes = 131072
	session.timeout.ms = 45000
	socket.connection.setup.timeout.max.ms = 30000
	socket.connection.setup.timeout.ms = 10000
	ssl.cipher.suites = null
	ssl.enabled.protocols = [TLSv1.2, TLSv1.3]
	ssl.endpoint.identification.algorithm = https
	ssl.engine.factory.class = null
	ssl.key.password = null
	ssl.keymanager.algorithm = SunX509
	ssl.keystore.certificate.chain = null
	ssl.keystore.key = null
	ssl.keystore.location = null
	ssl.keystore.password = null
	ssl.keystore.type = JKS
	ssl.protocol = TLSv1.3
	ssl.provider = null
	ssl.secure.random.implementation = null
	ssl.trustmanager.algorithm = PKIX
	ssl.truststore.certificates = null
	ssl.truststore.location = null
	ssl.truststore.password = null
	ssl.truststore.type = JKS
	value.deserializer = class org.springframework.kafka.support.serializer.JsonDeserializer

2026-03-27T14:25:45.554+09:00  INFO 64182 --- [rider-service] [           main] o.a.k.c.t.i.KafkaMetricsCollector        : initializing Kafka metrics collector
2026-03-27T14:25:45.760+09:00  INFO 64182 --- [rider-service] [           main] o.a.kafka.common.utils.AppInfoParser     : Kafka version: 3.9.2
2026-03-27T14:25:45.760+09:00  INFO 64182 --- [rider-service] [           main] o.a.kafka.common.utils.AppInfoParser     : Kafka commitId: 5e9866f43ab8e7e4
2026-03-27T14:25:45.760+09:00  INFO 64182 --- [rider-service] [           main] o.a.kafka.common.utils.AppInfoParser     : Kafka startTimeMs: 1774589145759
2026-03-27T14:25:45.762+09:00  INFO 64182 --- [rider-service] [           main] o.a.k.c.c.i.ClassicKafkaConsumer         : [Consumer clientId=consumer-rider-service-1, groupId=rider-service] Subscribed to topic(s): order.ready-for-delivery
2026-03-27T14:25:45.773+09:00  INFO 64182 --- [rider-service] [           main] c.e.r.RiderServiceApplication            : Started RiderServiceApplication in 4.466 seconds (process running for 4.88)
2026-03-27T14:25:46.070+09:00  INFO 64182 --- [rider-service] [ntainer#0-0-C-1] org.apache.kafka.clients.Metadata        : [Consumer clientId=consumer-rider-service-1, groupId=rider-service] Cluster ID: MkU3OEVBNTcwNTJENDM2Qk
2026-03-27T14:25:46.077+09:00  INFO 64182 --- [rider-service] [ntainer#0-0-C-1] o.a.k.c.c.internals.ConsumerCoordinator  : [Consumer clientId=consumer-rider-service-1, groupId=rider-service] Discovered group coordinator localhost:9092 (id: 2147483646 rack: null)
2026-03-27T14:25:46.078+09:00  INFO 64182 --- [rider-service] [ntainer#0-0-C-1] o.a.k.c.c.internals.ConsumerCoordinator  : [Consumer clientId=consumer-rider-service-1, groupId=rider-service] (Re-)joining group
2026-03-27T14:25:46.101+09:00  INFO 64182 --- [rider-service] [ntainer#0-0-C-1] o.a.k.c.c.internals.ConsumerCoordinator  : [Consumer clientId=consumer-rider-service-1, groupId=rider-service] Request joining group due to: need to re-join with the given member-id: consumer-rider-service-1-d66d01d9-4a9b-483f-8279-77315a43f29e
2026-03-27T14:25:46.102+09:00  INFO 64182 --- [rider-service] [ntainer#0-0-C-1] o.a.k.c.c.internals.ConsumerCoordinator  : [Consumer clientId=consumer-rider-service-1, groupId=rider-service] (Re-)joining group
2026-03-27T14:25:49.109+09:00  INFO 64182 --- [rider-service] [ntainer#0-0-C-1] o.a.k.c.c.internals.ConsumerCoordinator  : [Consumer clientId=consumer-rider-service-1, groupId=rider-service] Successfully joined group with generation Generation{generationId=3, memberId='consumer-rider-service-1-d66d01d9-4a9b-483f-8279-77315a43f29e', protocol='range'}
2026-03-27T14:25:49.167+09:00  INFO 64182 --- [rider-service] [ntainer#0-0-C-1] o.a.k.c.c.internals.ConsumerCoordinator  : [Consumer clientId=consumer-rider-service-1, groupId=rider-service] Finished assignment for group at generation 3: {consumer-rider-service-1-d66d01d9-4a9b-483f-8279-77315a43f29e=Assignment(partitions=[order.ready-for-delivery-0])}
2026-03-27T14:25:49.178+09:00  INFO 64182 --- [rider-service] [ntainer#0-0-C-1] o.a.k.c.c.internals.ConsumerCoordinator  : [Consumer clientId=consumer-rider-service-1, groupId=rider-service] Successfully synced group in generation Generation{generationId=3, memberId='consumer-rider-service-1-d66d01d9-4a9b-483f-8279-77315a43f29e', protocol='range'}
2026-03-27T14:25:49.179+09:00  INFO 64182 --- [rider-service] [ntainer#0-0-C-1] o.a.k.c.c.internals.ConsumerCoordinator  : [Consumer clientId=consumer-rider-service-1, groupId=rider-service] Notifying assignor about the new Assignment(partitions=[order.ready-for-delivery-0])
2026-03-27T14:25:49.206+09:00  INFO 64182 --- [rider-service] [ntainer#0-0-C-1] k.c.c.i.ConsumerRebalanceListenerInvoker : [Consumer clientId=consumer-rider-service-1, groupId=rider-service] Adding newly assigned partitions: order.ready-for-delivery-0
2026-03-27T14:25:49.220+09:00  INFO 64182 --- [rider-service] [ntainer#0-0-C-1] o.a.k.c.c.internals.ConsumerCoordinator  : [Consumer clientId=consumer-rider-service-1, groupId=rider-service] Found no committed offset for partition order.ready-for-delivery-0
2026-03-27T14:25:49.261+09:00  INFO 64182 --- [rider-service] [ntainer#0-0-C-1] o.a.k.c.c.internals.SubscriptionState    : [Consumer clientId=consumer-rider-service-1, groupId=rider-service] Resetting offset for partition order.ready-for-delivery-0 to position FetchPosition{offset=0, offsetEpoch=Optional.empty, currentLeader=LeaderAndEpoch{leader=Optional[localhost:9092 (id: 1 rack: null)], epoch=0}}.
2026-03-27T14:25:49.262+09:00  INFO 64182 --- [rider-service] [ntainer#0-0-C-1] o.s.k.l.KafkaMessageListenerContainer    : rider-service: partitions assigned: [order.ready-for-delivery-0]
2026-03-27T14:30:17.323+09:00  WARN 64182 --- [rider-service] [l-1:housekeeper] com.zaxxer.hikari.pool.PoolBase          : HikariPool-1 - Failed to validate connection com.mysql.cj.jdbc.ConnectionImpl@13991bbd (No operations allowed after connection closed.). Possibly consider using a shorter maxLifetime value.
2026-03-27T14:30:17.689+09:00  INFO 64182 --- [rider-service] [ntainer#0-0-C-1] org.apache.kafka.clients.NetworkClient   : [Consumer clientId=consumer-rider-service-1, groupId=rider-service] Disconnecting from node 1 due to request timeout.
2026-03-27T14:30:17.817+09:00  INFO 64182 --- [rider-service] [ntainer#0-0-C-1] org.apache.kafka.clients.NetworkClient   : [Consumer clientId=consumer-rider-service-1, groupId=rider-service] Cancelled in-flight FETCH request with correlation id 527 due to node 1 being disconnected (elapsed time since creation: 30790ms, elapsed time since send: 30790ms, throttle time: 0ms, request timeout: 30000ms)
2026-03-27T14:30:17.817+09:00  INFO 64182 --- [rider-service] [ntainer#0-0-C-1] o.a.kafka.clients.FetchSessionHandler    : [Consumer clientId=consumer-rider-service-1, groupId=rider-service] Error sending fetch request (sessionId=659730765, epoch=437) to node 1:

org.apache.kafka.common.errors.DisconnectException

2026-03-27T14:30:19.187+09:00  WARN 64182 --- [rider-service] [l-1:housekeeper] com.zaxxer.hikari.pool.HikariPool        : HikariPool-1 - Thread starvation or clock leap detected (housekeeper delta=1m4s924ms345µs800ns).
2026-03-27T14:30:22.129+09:00  INFO 64182 --- [rider-service] [| rider-service] o.a.k.c.c.internals.ConsumerCoordinator  : [Consumer clientId=consumer-rider-service-1, groupId=rider-service] Attempt to heartbeat failed since coordinator localhost:9092 (id: 2147483646 rack: null) is either not started or not valid
2026-03-27T14:30:22.129+09:00  INFO 64182 --- [rider-service] [| rider-service] o.a.k.c.c.internals.ConsumerCoordinator  : [Consumer clientId=consumer-rider-service-1, groupId=rider-service] Group coordinator localhost:9092 (id: 2147483646 rack: null) is unavailable or invalid due to cause: error response NOT_COORDINATOR. isDisconnected: false. Rediscovery will be attempted.
2026-03-27T14:30:22.129+09:00  INFO 64182 --- [rider-service] [| rider-service] o.a.k.c.c.internals.ConsumerCoordinator  : [Consumer clientId=consumer-rider-service-1, groupId=rider-service] Requesting disconnect from last known coordinator localhost:9092 (id: 2147483646 rack: null)
2026-03-27T14:30:22.147+09:00  INFO 64182 --- [rider-service] [ntainer#0-0-C-1] org.apache.kafka.clients.NetworkClient   : [Consumer clientId=consumer-rider-service-1, groupId=rider-service] Client requested disconnect from node 2147483646
2026-03-27T14:30:22.159+09:00  INFO 64182 --- [rider-service] [ntainer#0-0-C-1] o.a.k.c.c.internals.ConsumerCoordinator  : [Consumer clientId=consumer-rider-service-1, groupId=rider-service] Discovered group coordinator localhost:9092 (id: 2147483646 rack: null)
2026-03-27T14:30:22.159+09:00  INFO 64182 --- [rider-service] [ntainer#0-0-C-1] o.a.k.c.c.internals.ConsumerCoordinator  : [Consumer clientId=consumer-rider-service-1, groupId=rider-service] Group coordinator localhost:9092 (id: 2147483646 rack: null) is unavailable or invalid due to cause: coordinator unavailable. isDisconnected: false. Rediscovery will be attempted.
2026-03-27T14:30:22.160+09:00  INFO 64182 --- [rider-service] [ntainer#0-0-C-1] o.a.k.c.c.internals.ConsumerCoordinator  : [Consumer clientId=consumer-rider-service-1, groupId=rider-service] Requesting disconnect from last known coordinator localhost:9092 (id: 2147483646 rack: null)
2026-03-27T14:30:22.259+09:00  INFO 64182 --- [rider-service] [ntainer#0-0-C-1] o.a.k.c.c.internals.ConsumerCoordinator  : [Consumer clientId=consumer-rider-service-1, groupId=rider-service] Discovered group coordinator localhost:9092 (id: 2147483646 rack: null)
2026-03-27T14:30:22.486+09:00  INFO 64182 --- [rider-service] [ntainer#0-0-C-1] o.a.k.c.c.internals.ConsumerCoordinator  : [Consumer clientId=consumer-rider-service-1, groupId=rider-service] Attempt to heartbeat failed since coordinator localhost:9092 (id: 2147483646 rack: null) is either not started or not valid
2026-03-27T14:30:22.486+09:00  INFO 64182 --- [rider-service] [ntainer#0-0-C-1] o.a.k.c.c.internals.ConsumerCoordinator  : [Consumer clientId=consumer-rider-service-1, groupId=rider-service] Group coordinator localhost:9092 (id: 2147483646 rack: null) is unavailable or invalid due to cause: error response NOT_COORDINATOR. isDisconnected: false. Rediscovery will be attempted.
2026-03-27T14:30:22.486+09:00  INFO 64182 --- [rider-service] [ntainer#0-0-C-1] o.a.k.c.c.internals.ConsumerCoordinator  : [Consumer clientId=consumer-rider-service-1, groupId=rider-service] Requesting disconnect from last known coordinator localhost:9092 (id: 2147483646 rack: null)
2026-03-27T14:30:22.486+09:00  INFO 64182 --- [rider-service] [ntainer#0-0-C-1] org.apache.kafka.clients.NetworkClient   : [Consumer clientId=consumer-rider-service-1, groupId=rider-service] Client requested disconnect from node 2147483646
2026-03-27T14:30:22.487+09:00  INFO 64182 --- [rider-service] [ntainer#0-0-C-1] o.a.k.c.c.internals.ConsumerCoordinator  : [Consumer clientId=consumer-rider-service-1, groupId=rider-service] Discovered group coordinator localhost:9092 (id: 2147483646 rack: null)
2026-03-27T14:30:22.487+09:00  INFO 64182 --- [rider-service] [ntainer#0-0-C-1] o.a.k.c.c.internals.ConsumerCoordinator  : [Consumer clientId=consumer-rider-service-1, groupId=rider-service] Group coordinator localhost:9092 (id: 2147483646 rack: null) is unavailable or invalid due to cause: coordinator unavailable. isDisconnected: false. Rediscovery will be attempted.
2026-03-27T14:30:22.487+09:00  INFO 64182 --- [rider-service] [ntainer#0-0-C-1] o.a.k.c.c.internals.ConsumerCoordinator  : [Consumer clientId=consumer-rider-service-1, groupId=rider-service] Requesting disconnect from last known coordinator localhost:9092 (id: 2147483646 rack: null)
2026-03-27T14:30:22.573+09:00  INFO 64182 --- [rider-service] [ntainer#0-0-C-1] o.a.k.c.c.internals.ConsumerCoordinator  : [Consumer clientId=consumer-rider-service-1, groupId=rider-service] Discovered group coordinator localhost:9092 (id: 2147483646 rack: null)
2026-03-27T14:30:22.647+09:00  INFO 64182 --- [rider-service] [ntainer#0-0-C-1] o.a.k.c.c.internals.ConsumerCoordinator  : [Consumer clientId=consumer-rider-service-1, groupId=rider-service] Attempt to heartbeat failed since coordinator localhost:9092 (id: 2147483646 rack: null) is either not started or not valid
2026-03-27T14:30:22.647+09:00  INFO 64182 --- [rider-service] [ntainer#0-0-C-1] o.a.k.c.c.internals.ConsumerCoordinator  : [Consumer clientId=consumer-rider-service-1, groupId=rider-service] Group coordinator localhost:9092 (id: 2147483646 rack: null) is unavailable or invalid due to cause: error response NOT_COORDINATOR. isDisconnected: false. Rediscovery will be attempted.
2026-03-27T14:30:22.647+09:00  INFO 64182 --- [rider-service] [ntainer#0-0-C-1] o.a.k.c.c.internals.ConsumerCoordinator  : [Consumer clientId=consumer-rider-service-1, groupId=rider-service] Requesting disconnect from last known coordinator localhost:9092 (id: 2147483646 rack: null)
2026-03-27T14:30:22.648+09:00  INFO 64182 --- [rider-service] [ntainer#0-0-C-1] org.apache.kafka.clients.NetworkClient   : [Consumer clientId=consumer-rider-service-1, groupId=rider-service] Client requested disconnect from node 2147483646
2026-03-27T14:30:22.648+09:00  INFO 64182 --- [rider-service] [ntainer#0-0-C-1] o.a.k.c.c.internals.ConsumerCoordinator  : [Consumer clientId=consumer-rider-service-1, groupId=rider-service] Discovered group coordinator localhost:9092 (id: 2147483646 rack: null)
2026-03-27T14:30:22.648+09:00  INFO 64182 --- [rider-service] [ntainer#0-0-C-1] o.a.k.c.c.internals.ConsumerCoordinator  : [Consumer clientId=consumer-rider-service-1, groupId=rider-service] Group coordinator localhost:9092 (id: 2147483646 rack: null) is unavailable or invalid due to cause: coordinator unavailable. isDisconnected: false. Rediscovery will be attempted.
2026-03-27T14:30:22.648+09:00  INFO 64182 --- [rider-service] [ntainer#0-0-C-1] o.a.k.c.c.internals.ConsumerCoordinator  : [Consumer clientId=consumer-rider-service-1, groupId=rider-service] Requesting disconnect from last known coordinator localhost:9092 (id: 2147483646 rack: null)
2026-03-27T14:30:22.767+09:00  INFO 64182 --- [rider-service] [ntainer#0-0-C-1] o.a.k.c.c.internals.ConsumerCoordinator  : [Consumer clientId=consumer-rider-service-1, groupId=rider-service] Discovered group coordinator localhost:9092 (id: 2147483646 rack: null)
2026-03-27T14:30:23.043+09:00  INFO 64182 --- [rider-service] [ntainer#0-0-C-1] o.a.k.c.c.internals.ConsumerCoordinator  : [Consumer clientId=consumer-rider-service-1, groupId=rider-service] Attempt to heartbeat failed since coordinator localhost:9092 (id: 2147483646 rack: null) is either not started or not valid
2026-03-27T14:30:23.043+09:00  INFO 64182 --- [rider-service] [ntainer#0-0-C-1] o.a.k.c.c.internals.ConsumerCoordinator  : [Consumer clientId=consumer-rider-service-1, groupId=rider-service] Group coordinator localhost:9092 (id: 2147483646 rack: null) is unavailable or invalid due to cause: error response NOT_COORDINATOR. isDisconnected: false. Rediscovery will be attempted.
2026-03-27T14:30:23.043+09:00  INFO 64182 --- [rider-service] [ntainer#0-0-C-1] o.a.k.c.c.internals.ConsumerCoordinator  : [Consumer clientId=consumer-rider-service-1, groupId=rider-service] Requesting disconnect from last known coordinator localhost:9092 (id: 2147483646 rack: null)
2026-03-27T14:30:23.043+09:00  INFO 64182 --- [rider-service] [ntainer#0-0-C-1] org.apache.kafka.clients.NetworkClient   : [Consumer clientId=consumer-rider-service-1, groupId=rider-service] Client requested disconnect from node 2147483646
2026-03-27T14:30:23.044+09:00  INFO 64182 --- [rider-service] [ntainer#0-0-C-1] o.a.k.c.c.internals.ConsumerCoordinator  : [Consumer clientId=consumer-rider-service-1, groupId=rider-service] Discovered group coordinator localhost:9092 (id: 2147483646 rack: null)
2026-03-27T14:30:23.044+09:00  INFO 64182 --- [rider-service] [ntainer#0-0-C-1] o.a.k.c.c.internals.ConsumerCoordinator  : [Consumer clientId=consumer-rider-service-1, groupId=rider-service] Group coordinator localhost:9092 (id: 2147483646 rack: null) is unavailable or invalid due to cause: coordinator unavailable. isDisconnected: false. Rediscovery will be attempted.
2026-03-27T14:30:23.044+09:00  INFO 64182 --- [rider-service] [ntainer#0-0-C-1] o.a.k.c.c.internals.ConsumerCoordinator  : [Consumer clientId=consumer-rider-service-1, groupId=rider-service] Requesting disconnect from last known coordinator localhost:9092 (id: 2147483646 rack: null)
2026-03-27T14:30:23.129+09:00  INFO 64182 --- [rider-service] [ntainer#0-0-C-1] o.a.k.c.c.internals.ConsumerCoordinator  : [Consumer clientId=consumer-rider-service-1, groupId=rider-service] Discovered group coordinator localhost:9092 (id: 2147483646 rack: null)
